<?xml version="1.0" encoding="UTF-8"?>
<testsuite xmlns:xsi="http://www.w3.org/2001/XMLSchema-instance" xsi:noNamespaceSchemaLocation="https://maven.apache.org/surefire/maven-surefire-plugin/xsd/surefire-test-report.xsd" version="3.0.2" name="com.orbite.core.InterviewOrchestratorTest" time="0.262" tests="30" errors="0" skipped="0" failures="0">
  <properties>
[...]
</properties>
  <testcase name="returnsAnUnaskedAdaptiveTurn(String, String, String)[1]" classname="com.orbite.core.InterviewOrchestratorTest" time="0.04"/>
  <testcase name="returnsAnUnaskedAdaptiveTurn(String, String, String)[2]" classname="com.orbite.core.InterviewOrchestratorTest" time="0.004"/>
  <testcase name="returnsAnUnaskedAdaptiveTurn(String, String, String)[3]" classname="com.orbite.core.InterviewOrchestratorTest" time="0.004"/>
  <testcase name="returnsAnUnaskedAdaptiveTurn(String, String, String)[4]" classname="com.orbite.core.InterviewOrchestratorTest" time="0.003"/>
  <testcase name="returnsAnUnaskedAdaptiveTurn(String, String, String)[5]" classname="com.orbite.core.InterviewOrchestratorTest" time="0.004"/>
  <testcase name="returnsAnUnaskedAdaptiveTurn(String, String, String)[6]" classname="com.orbite.core.InterviewOrchestratorTest" time="0.0"/>
  <testcase name="returnsAnUnaskedAdaptiveTurn(String, String, String)[7]" classname="com.orbite.core.InterviewOrchestratorTest" time="0.002"/>
  <testcase name="returnsAnUnaskedAdaptiveTurn(String, String, String)[8]" classname="com.orbite.core.InterviewOrchestratorTest" time="0.0"/>
  <testcase name="returnsAnUnaskedAdaptiveTurn(String, String, String)[9]" classname="com.orbite.core.InterviewOrchestratorTest" time="0.002"/>
  <testcase name="returnsAnUnaskedAdaptiveTurn(String, String, String)[10]" classname="com.orbite.core.InterviewOrchestratorTest" time="0.002"/>
  <testcase name="returnsAnUnaskedAdaptiveTurn(String, String, String)[11]" classname="com.orbite.core.InterviewOrchestratorTest" time="0.001"/>
  <testcase name="returnsAnUnaskedAdaptiveTurn(String, String, String)[12]" classname="com.orbite.core.InterviewOrchestratorTest" time="0.0"/>
  <testcase name="returnsAnUnaskedAdaptiveTurn(String, String, String)[13]" classname="com.orbite.core.InterviewOrchestratorTest" time="0.003"/>
  <testcase name="returnsAnUnaskedAdaptiveTurn(String, String, String)[14]" classname="com.orbite.core.InterviewOrchestratorTest" time="0.003"/>
  <testcase name="returnsAnUnaskedAdaptiveTurn(String, String, String)[15]" classname="com.orbite.core.InterviewOrchestratorTest" time="0.002"/>
  <testcase name="returnsAnUnaskedAdaptiveTurn(String, String, String)[16]" classname="com.orbite.core.InterviewOrchestratorTest" time="0.001"/>
  <testcase name="returnsAnUnaskedAdaptiveTurn(String, String, String)[17]" classname="com.orbite.core.InterviewOrchestratorTest" time="0.002"/>
  <testcase name="returnsAnUnaskedAdaptiveTurn(String, String, String)[18]" classname="com.orbite.core.InterviewOrchestratorTest" time="0.002"/>
  <testcase name="returnsAnUnaskedAdaptiveTurn(String, String, String)[19]" classname="com.orbite.core.InterviewOrchestratorTest" time="0.002"/>
  <testcase name="returnsAnUnaskedAdaptiveTurn(String, String, String)[20]" classname="com.orbite.core.InterviewOrchestratorTest" time="0.002"/>
  <testcase name="returnsAnUnaskedAdaptiveTurn(String, String, String)[21]" classname="com.orbite.core.InterviewOrchestratorTest" time="0.002"/>
  <testcase name="returnsAnUnaskedAdaptiveTurn(String, String, String)[22]" classname="com.orbite.core.InterviewOrchestratorTest" time="0.008"/>
  <testcase name="returnsAnUnaskedAdaptiveTurn(String, String, String)[23]" classname="com.orbite.core.InterviewOrchestratorTest" time="0.002"/>
  <testcase name="returnsAnUnaskedAdaptiveTurn(String, String, String)[24]" classname="com.orbite.core.InterviewOrchestratorTest" time="0.002"/>
  <testcase name="returnsAnUnaskedAdaptiveTurn(String, String, String)[25]" classname="com.orbite.core.InterviewOrchestratorTest" time="0.002"/>
  <testcase name="skipsKnownCandidatesBeforeReturningFallback(String, String)[1]" classname="com.orbite.core.InterviewOrchestratorTest" time="0.002"/>
  <testcase name="skipsKnownCandidatesBeforeReturningFallback(String, String)[2]" classname="com.orbite.core.InterviewOrchestratorTest" time="0.002"/>
  <testcase name="skipsKnownCandidatesBeforeReturningFallback(String, String)[3]" classname="com.orbite.core.InterviewOrchestratorTest" time="0.002"/>
  <testcase name="skipsKnownCandidatesBeforeReturningFallback(String, String)[4]" classname="com.orbite.core.InterviewOrchestratorTest" time="0.002"/>
  <testcase name="skipsKnownCandidatesBeforeReturningFallback(String, String)[5]" classname="com.orbite.core.InterviewOrchestratorTest" time="0.002"/>
</testsuite>